<?xml version="1.0" encoding="UTF-8"?>
<!-- Generated by org.testng.reporters.JUnitReportReporter -->
<testsuite hostname="Yog" failures="0" tests="3" name="org.tyss.sms.testng_practice.TestNGCreateCustomerTest" time="0.008" errors="0" timestamp="27 Jul 2022 13:49:30 GMT">
  <testcase classname="org.tyss.sms.testng_practice.TestNGCreateCustomerTest" name="modifyCustomerTest" time="0.002"/>
  <testcase classname="org.tyss.sms.testng_practice.TestNGCreateCustomerTest" name="createCustomerTest" time="0.003"/>
  <testcase classname="org.tyss.sms.testng_practice.TestNGCreateCustomerTest" name="deleteCustomerTest" time="0.003"/>
</testsuite> <!-- org.tyss.sms.testng_practice.TestNGCreateCustomerTest -->
